2025-04-30T15:51:18.102+09:00  INFO 15456 --- [MySpringBootApp] [restartedMain] c.b.m.MySpringBootAppApplication         : Starting MySpringBootAppApplication using Java 17.0.2 with PID 15456 (C:\mybackend\MySpringBootApp\target\classes started by user in C:\mybackend\MySpringBootApp)
2025-04-30T15:51:18.102+09:00  INFO 15456 --- [MySpringBootApp] [restartedMain] c.b.m.MySpringBootAppApplication         : The following 1 profile is active: "test"
2025-04-30T15:51:18.252+09:00  INFO 15456 --- [MySpringBootApp] [restartedMain] .s.d.r.c.RepositoryConfigurationDelegate : Bootstrapping Spring Data JPA repositories in DEFAULT mode.
2025-04-30T15:51:18.254+09:00  INFO 15456 --- [MySpringBootApp] [restartedMain] .s.d.r.c.RepositoryConfigurationDelegate : Finished Spring Data repository scanning in 1 ms. Found 0 JPA repository interfaces.
2025-04-30T15:51:18.356+09:00  INFO 15456 --- [MySpringBootApp] [restartedMain] o.s.b.w.embedded.tomcat.TomcatWebServer  : Tomcat initialized with port 8080 (http)
2025-04-30T15:51:18.357+09:00  INFO 15456 --- [MySpringBootApp] [restartedMain] o.apache.catalina.core.StandardService   : Starting service [Tomcat]
2025-04-30T15:51:18.357+09:00  INFO 15456 --- [MySpringBootApp] [restartedMain] o.apache.catalina.core.StandardEngine    : Starting Servlet engine: [Apache Tomcat/10.1.40]
2025-04-30T15:51:18.368+09:00  INFO 15456 --- [MySpringBootApp] [restartedMain] o.a.c.c.C.[Tomcat].[localhost].[/]       : Initializing Spring embedded WebApplicationContext
2025-04-30T15:51:18.368+09:00  INFO 15456 --- [MySpringBootApp] [restartedMain] w.s.c.ServletWebServerApplicationContext : Root WebApplicationContext: initialization completed in 265 ms
2025-04-30T15:51:18.438+09:00  INFO 15456 --- [MySpringBootApp] [restartedMain] com.zaxxer.hikari.HikariDataSource       : HikariPool-4 - Starting...
2025-04-30T15:51:18.442+09:00  INFO 15456 --- [MySpringBootApp] [restartedMain] com.zaxxer.hikari.pool.HikariPool        : HikariPool-4 - Added connection conn30: url=jdbc:h2:mem:4789cb94-f29c-452b-a85b-2b628f1945e9 user=SA
2025-04-30T15:51:18.442+09:00  INFO 15456 --- [MySpringBootApp] [restartedMain] com.zaxxer.hikari.HikariDataSource       : HikariPool-4 - Start completed.
2025-04-30T15:51:18.443+09:00  INFO 15456 --- [MySpringBootApp] [restartedMain] o.hibernate.jpa.internal.util.LogHelper  : HHH000204: Processing PersistenceUnitInfo [name: default]
2025-04-30T15:51:18.445+09:00  INFO 15456 --- [MySpringBootApp] [restartedMain] o.h.c.internal.RegionFactoryInitiator    : HHH000026: Second-level cache disabled
2025-04-30T15:51:18.448+09:00  INFO 15456 --- [MySpringBootApp] [restartedMain] o.s.o.j.p.SpringPersistenceUnitInfo      : No LoadTimeWeaver setup: ignoring JPA class transformer
2025-04-30T15:51:18.451+09:00  INFO 15456 --- [MySpringBootApp] [restartedMain] org.hibernate.orm.connections.pooling    : HHH10001005: Database info:
	Database JDBC URL [Connecting through datasource 'HikariDataSource (HikariPool-4)']
	Database driver: undefined/unknown
	Database version: 2.3.232
	Autocommit mode: undefined/unknown
	Isolation level: undefined/unknown
	Minimum pool size: undefined/unknown
	Maximum pool size: undefined/unknown
2025-04-30T15:51:18.469+09:00  INFO 15456 --- [MySpringBootApp] [restartedMain] o.h.e.t.j.p.i.JtaPlatformInitiator       : HHH000489: No JTA platform available (set 'hibernate.transaction.jta.platform' to enable JTA platform integration)
2025-04-30T15:51:18.470+09:00  INFO 15456 --- [MySpringBootApp] [restartedMain] j.LocalContainerEntityManagerFactoryBean : Initialized JPA EntityManagerFactory for persistence unit 'default'
2025-04-30T15:51:18.504+09:00  WARN 15456 --- [MySpringBootApp] [restartedMain] JpaBaseConfiguration$JpaWebConfiguration : spring.jpa.open-in-view is enabled by default. Therefore, database queries may be performed during view rendering. Explicitly configure spring.jpa.open-in-view to disable this warning
2025-04-30T15:51:18.582+09:00  WARN 15456 --- [MySpringBootApp] [restartedMain] ion$DefaultTemplateResolverConfiguration : Cannot find template location: classpath:/templates/ (please add some templates, check your Thymeleaf configuration, or set spring.thymeleaf.check-template-location=false)
2025-04-30T15:51:18.676+09:00  INFO 15456 --- [MySpringBootApp] [restartedMain] o.s.b.a.h2.H2ConsoleAutoConfiguration    : H2 console available at '/h2-console'. Database available at 'jdbc:h2:mem:4789cb94-f29c-452b-a85b-2b628f1945e9'
2025-04-30T15:51:18.693+09:00  INFO 15456 --- [MySpringBootApp] [restartedMain] o.s.b.d.a.OptionalLiveReloadServer       : LiveReload server is running on port 35729
2025-04-30T15:51:18.696+09:00  INFO 15456 --- [MySpringBootApp] [restartedMain] o.s.b.a.e.web.EndpointLinksResolver      : Exposing 1 endpoint beneath base path '/actuator'
2025-04-30T15:51:18.708+09:00  INFO 15456 --- [MySpringBootApp] [restartedMain] o.s.b.w.embedded.tomcat.TomcatWebServer  : Tomcat started on port 8080 (http) with context path '/'
2025-04-30T15:51:18.713+09:00  INFO 15456 --- [MySpringBootApp] [restartedMain] c.b.m.MySpringBootAppApplication         : Started MySpringBootAppApplication in 0.638 seconds (process running for 790.173)
2025-04-30T15:51:18.715+09:00  INFO 15456 --- [MySpringBootApp] [restartedMain] .ConditionEvaluationDeltaLoggingListener : Condition evaluation unchanged
2025-04-30T15:52:47.999+09:00  INFO 15456 --- [MySpringBootApp] [SpringApplicationShutdownHook] o.s.b.w.e.tomcat.GracefulShutdown        : Commencing graceful shutdown. Waiting for active requests to complete
2025-04-30T15:52:48.085+09:00  INFO 15456 --- [MySpringBootApp] [tomcat-shutdown] o.s.b.w.e.tomcat.GracefulShutdown        : Graceful shutdown complete
2025-04-30T15:52:48.087+09:00  INFO 15456 --- [MySpringBootApp] [SpringApplicationShutdownHook] j.LocalContainerEntityManagerFactoryBean : Closing JPA EntityManagerFactory for persistence unit 'default'
2025-04-30T15:52:48.087+09:00  WARN 15456 --- [MySpringBootApp] [SpringApplicationShutdownHook] o.s.b.f.support.DisposableBeanAdapter    : Invocation of destroy method failed on bean with name 'inMemoryDatabaseShutdownExecutor': org.h2.jdbc.JdbcSQLNonTransientConnectionException: Database is already closed (to disable automatic closing at VM shutdown, add ";DB_CLOSE_ON_EXIT=FALSE" to the db URL) [90121-232]
2025-04-30T15:52:48.087+09:00  INFO 15456 --- [MySpringBootApp] [SpringApplicationShutdownHook] com.zaxxer.hikari.HikariDataSource       : HikariPool-4 - Shutdown initiated...
2025-04-30T15:52:48.088+09:00  INFO 15456 --- [MySpringBootApp] [SpringApplicationShutdownHook] com.zaxxer.hikari.HikariDataSource       : HikariPool-4 - Shutdown completed.
